Australia16e.pcar
parameters:
ok:
My Seed: 0
instance read:
ok
generation of population: 
ok
multi operator local search: 
removeSaving
invertSolution
insertSavingCity
replaceSavingCity
replaceSavingCar
operator_2opt
multiOperatorsLocalSearch done
ok
select elite: 
ok
0-plasmid: 
ok
0-restoring operations: 
ok
0-multi operator local search: 
removeSaving
invertSolution
insertSavingCity
replaceSavingCity
replaceSavingCar
operator_2opt
multiOperatorsLocalSearch done
ok
0-binary tournament: 
ok
0-select elite: 
ok
1-crossover: 
ok
1-restoring operations: 
ok
1-multi operator local search: 
removeSaving
invertSolution
insertSavingCity
replaceSavingCity
replaceSavingCar
operator_2opt
multiOperatorsLocalSearch done
ok
1-binary tournament: 
ok
1-select elite: 
ok
2-crossover: 
ok
2-restoring operations: 
ok
2-multi operator local search: 
removeSaving
invertSolution
insertSavingCity
replaceSavingCity
replaceSavingCar
operator_2opt
multiOperatorsLocalSearch done
ok
2-binary tournament: 
ok
2-select elite: 
ok
3-crossover: 
ok
3-restoring operations: 
ok
3-multi operator local search: 
removeSaving
invertSolution
insertSavingCity
replaceSavingCity
replaceSavingCar
operator_2opt
multiOperatorsLocalSearch done
ok
3-binary tournament: 
ok
3-select elite: 
ok
4-crossover: 
ok
4-restoring operations: 
ok
4-multi operator local search: 
removeSaving
invertSolution
insertSavingCity
replaceSavingCity
replaceSavingCar
operator_2opt
multiOperatorsLocalSearch done
ok
4-binary tournament: 
ok
4-select elite: 
ok
5-crossover: 
ok
5-restoring operations: 
ok
5-multi operator local search: 
removeSaving
invertSolution
insertSavingCity
replaceSavingCity
replaceSavingCar
operator_2opt
multiOperatorsLocalSearch done
ok
5-binary tournament: 
ok
5-select elite: 
ok
6-crossover: 
ok
6-restoring operations: 
ok
6-multi operator local search: 
removeSaving
invertSolution
insertSavingCity
replaceSavingCity
replaceSavingCar
operator_2opt
multiOperatorsLocalSearch done
ok
6-binary tournament: 
ok
6-select elite: 
ok
7-crossover: 
ok
7-restoring operations: 
ok
7-multi operator local search: 
removeSaving
invertSolution
insertSavingCity
replaceSavingCity
replaceSavingCar
operator_2opt
multiOperatorsLocalSearch done
ok
7-binary tournament: 
ok
7-select elite: 
ok
8-crossover: 
ok
8-restoring operations: 
ok
8-multi operator local search: 
removeSaving
invertSolution
insertSavingCity
replaceSavingCity
replaceSavingCar
operator_2opt
multiOperatorsLocalSearch done
ok
8-binary tournament: 
ok
8-select elite: 
ok
9-crossover: 
ok
9-restoring operations: 
ok
9-multi operator local search: 
removeSaving
invertSolution
insertSavingCity
replaceSavingCity
replaceSavingCar
operator_2opt
multiOperatorsLocalSearch done
ok
9-binary tournament: 
ok
9-select elite: 
ok
10-plasmid: 
ok
10-restoring operations: 
ok
10-multi operator local search: 
removeSaving
invertSolution
insertSavingCity
replaceSavingCity
replaceSavingCar
operator_2opt
multiOperatorsLocalSearch done
ok
10-binary tournament: 
ok
10-select elite: 
ok
11-crossover: 
ok
11-restoring operations: 
ok
11-multi operator local search: 
removeSaving
invertSolution
insertSavingCity
replaceSavingCity
replaceSavingCar
operator_2opt
multiOperatorsLocalSearch done
ok
11-binary tournament: 
ok
11-select elite: 
ok
12-crossover: 
ok
12-restoring operations: 
ok
12-multi operator local search: 
removeSaving
invertSolution
insertSavingCity
replaceSavingCity
replaceSavingCar
operator_2opt
multiOperatorsLocalSearch done
ok
12-binary tournament: 
ok
12-select elite: 
ok
13-crossover: 
ok
13-restoring operations: 
ok
13-multi operator local search: 
removeSaving
invertSolution
insertSavingCity
replaceSavingCity
replaceSavingCar
operator_2opt
multiOperatorsLocalSearch done
ok
13-binary tournament: 
ok
13-select elite: 
ok
14-crossover: 
ok
14-restoring operations: 
ok
14-multi operator local search: 
removeSaving
invertSolution
insertSavingCity
replaceSavingCity
replaceSavingCar
operator_2opt
multiOperatorsLocalSearch done
ok
14-binary tournament: 
ok
14-select elite: 
ok
15-crossover: 
ok
15-restoring operations: 
ok
15-multi operator local search: 
removeSaving
invertSolution
insertSavingCity
replaceSavingCity
replaceSavingCar
operator_2opt
multiOperatorsLocalSearch done
ok
15-binary tournament: 
ok
15-select elite: 
ok
16-crossover: 
ok
16-restoring operations: 
ok
16-multi operator local search: 
removeSaving
invertSolution
insertSavingCity
replaceSavingCity
replaceSavingCar
operator_2opt
multiOperatorsLocalSearch done
ok
16-binary tournament: 
ok
16-select elite: 
ok
17-crossover: 
ok
17-restoring operations: 
ok
17-multi operator local search: 
removeSaving
invertSolution
insertSavingCity
replaceSavingCity
replaceSavingCar
operator_2opt
multiOperatorsLocalSearch done
ok
17-binary tournament: 
ok
17-select elite: 
ok
18-crossover: 
ok
18-restoring operations: 
ok
18-multi operator local search: 
removeSaving
invertSolution
insertSavingCity
replaceSavingCity
replaceSavingCar
operator_2opt
multiOperatorsLocalSearch done
ok
18-binary tournament: 
ok
18-select elite: 
ok
19-crossover: 
ok
19-restoring operations: 
ok
19-multi operator local search: 
removeSaving
invertSolution
insertSavingCity
replaceSavingCity
replaceSavingCar
operator_2opt
multiOperatorsLocalSearch done
ok
19-binary tournament: 
ok
19-select elite: 
ok
20-plasmid: 
ok
20-restoring operations: 
ok
20-multi operator local search: 
removeSaving
invertSolution
insertSavingCity
replaceSavingCity
replaceSavingCar
operator_2opt
multiOperatorsLocalSearch done
ok
20-binary tournament: 
ok
20-select elite: 
ok
21-crossover: 
ok
21-restoring operations: 
ok
21-multi operator local search: 
removeSaving
invertSolution
insertSavingCity
replaceSavingCity
replaceSavingCar
operator_2opt
multiOperatorsLocalSearch done
ok
21-binary tournament: 
ok
21-select elite: 
ok
22-crossover: 
ok
22-restoring operations: 
ok
22-multi operator local search: 
removeSaving
invertSolution
insertSavingCity
replaceSavingCity
replaceSavingCar
operator_2opt
multiOperatorsLocalSearch done
ok
22-binary tournament: 
ok
22-select elite: 
ok
23-crossover: 
ok
23-restoring operations: 
ok
23-multi operator local search: 
removeSaving
invertSolution
insertSavingCity
replaceSavingCity
replaceSavingCar
operator_2opt
multiOperatorsLocalSearch done
ok
23-binary tournament: 
ok
23-select elite: 
ok
24-crossover: 
ok
24-restoring operations: 
ok
24-multi operator local search: 
removeSaving
invertSolution
insertSavingCity
replaceSavingCity
replaceSavingCar
operator_2opt
multiOperatorsLocalSearch done
ok
24-binary tournament: 
ok
24-select elite: 
ok
25-crossover: 
ok
25-restoring operations: 
ok
25-multi operator local search: 
removeSaving
invertSolution
insertSavingCity
replaceSavingCity
replaceSavingCar
operator_2opt
multiOperatorsLocalSearch done
ok
25-binary tournament: 
ok
25-select elite: 
ok
26-crossover: 
ok
26-restoring operations: 
ok
26-multi operator local search: 
removeSaving
invertSolution
insertSavingCity
replaceSavingCity
replaceSavingCar
operator_2opt
multiOperatorsLocalSearch done
ok
26-binary tournament: 
ok
26-select elite: 
ok
27-crossover: 
ok
27-restoring operations: 
ok
27-multi operator local search: 
removeSaving
invertSolution
insertSavingCity
replaceSavingCity
replaceSavingCar
operator_2opt
multiOperatorsLocalSearch done
ok
27-binary tournament: 
ok
27-select elite: 
ok
28-crossover: 
ok
28-restoring operations: 
ok
28-multi operator local search: 
removeSaving
invertSolution
insertSavingCity
replaceSavingCity
replaceSavingCar
operator_2opt
multiOperatorsLocalSearch done
ok
28-binary tournament: 
ok
28-select elite: 
ok
29-crossover: 
ok
29-restoring operations: 
ok
29-multi operator local search: 
removeSaving
invertSolution
insertSavingCity
replaceSavingCity
replaceSavingCar
operator_2opt
multiOperatorsLocalSearch done
ok
29-binary tournament: 
ok
29-select elite: 
ok
30-plasmid: 
ok
30-restoring operations: 
ok
30-multi operator local search: 
removeSaving
invertSolution
insertSavingCity
replaceSavingCity
replaceSavingCar
operator_2opt
multiOperatorsLocalSearch done
ok
30-binary tournament: 
ok
30-select elite: 
ok
31-crossover: 
ok
31-restoring operations: 
ok
31-multi operator local search: 
removeSaving
invertSolution
insertSavingCity
replaceSavingCity
replaceSavingCar
operator_2opt
multiOperatorsLocalSearch done
ok
31-binary tournament: 
ok
31-select elite: 
ok
32-crossover: 
ok
32-restoring operations: 
ok
32-multi operator local search: 
removeSaving
invertSolution
insertSavingCity
replaceSavingCity
replaceSavingCar
operator_2opt
multiOperatorsLocalSearch done
ok
32-binary tournament: 
ok
32-select elite: 
ok
33-crossover: 
ok
33-restoring operations: 
ok
33-multi operator local search: 
removeSaving
invertSolution
insertSavingCity
replaceSavingCity
replaceSavingCar
operator_2opt
multiOperatorsLocalSearch done
ok
33-binary tournament: 
ok
33-select elite: 
ok
34-crossover: 
ok
34-restoring operations: 
ok
34-multi operator local search: 
removeSaving
invertSolution
insertSavingCity
replaceSavingCity
replaceSavingCar
operator_2opt
multiOperatorsLocalSearch done
ok
34-binary tournament: 
ok
34-select elite: 
ok
35-crossover: 
ok
35-restoring operations: 
ok
35-multi operator local search: 
removeSaving
invertSolution
insertSavingCity
replaceSavingCity
replaceSavingCar
operator_2opt
multiOperatorsLocalSearch done
ok
35-binary tournament: 
ok
35-select elite: 
ok
36-crossover: 
ok
36-restoring operations: 
ok
36-multi operator local search: 
removeSaving
invertSolution
insertSavingCity
replaceSavingCity
replaceSavingCar
operator_2opt
multiOperatorsLocalSearch done
ok
36-binary tournament: 
ok
36-select elite: 
ok
37-crossover: 
ok
37-restoring operations: 
ok
37-multi operator local search: 
removeSaving
invertSolution
insertSavingCity
replaceSavingCity
replaceSavingCar
operator_2opt
multiOperatorsLocalSearch done
ok
37-binary tournament: 
ok
37-select elite: 
ok
38-crossover: 
ok
38-restoring operations: 
ok
38-multi operator local search: 
removeSaving
invertSolution
insertSavingCity
replaceSavingCity
replaceSavingCar
operator_2opt
multiOperatorsLocalSearch done
ok
38-binary tournament: 
ok
38-select elite: 
ok
39-crossover: 
ok
39-restoring operations: 
ok
39-multi operator local search: 
removeSaving
invertSolution
insertSavingCity
replaceSavingCity
replaceSavingCar
operator_2opt
multiOperatorsLocalSearch done
ok
39-binary tournament: 
ok
39-select elite: 
ok
40-plasmid: 
ok
40-restoring operations: 
ok
40-multi operator local search: 
removeSaving
invertSolution
insertSavingCity
replaceSavingCity
replaceSavingCar
operator_2opt
multiOperatorsLocalSearch done
ok
40-binary tournament: 
ok
40-select elite: 
ok
41-crossover: 
ok
41-restoring operations: 
ok
41-multi operator local search: 
removeSaving
invertSolution
insertSavingCity
replaceSavingCity
replaceSavingCar
operator_2opt
multiOperatorsLocalSearch done
ok
41-binary tournament: 
ok
41-select elite: 
ok
42-crossover: 
ok
42-restoring operations: 
ok
42-multi operator local search: 
removeSaving
invertSolution
insertSavingCity
replaceSavingCity
replaceSavingCar
operator_2opt
multiOperatorsLocalSearch done
ok
42-binary tournament: 
ok
42-select elite: 
ok
43-crossover: 
ok
43-restoring operations: 
ok
43-multi operator local search: 
removeSaving
invertSolution
insertSavingCity
replaceSavingCity
replaceSavingCar
operator_2opt
multiOperatorsLocalSearch done
ok
43-binary tournament: 
ok
43-select elite: 
ok
44-crossover: 
ok
44-restoring operations: 
ok
44-multi operator local search: 
removeSaving
invertSolution
insertSavingCity
replaceSavingCity
replaceSavingCar
operator_2opt
multiOperatorsLocalSearch done
ok
44-binary tournament: 
ok
44-select elite: 
ok
45-crossover: 
ok
45-restoring operations: 
ok
45-multi operator local search: 
removeSaving
invertSolution
insertSavingCity
replaceSavingCity
replaceSavingCar
operator_2opt
multiOperatorsLocalSearch done
ok
45-binary tournament: 
ok
45-select elite: 
ok
46-crossover: 
ok
46-restoring operations: 
ok
46-multi operator local search: 
removeSaving
invertSolution
insertSavingCity
replaceSavingCity
replaceSavingCar
operator_2opt
multiOperatorsLocalSearch done
ok
46-binary tournament: 
ok
46-select elite: 
ok
47-crossover: 
ok
47-restoring operations: 
ok
47-multi operator local search: 
removeSaving
invertSolution
insertSavingCity
replaceSavingCity
replaceSavingCar
operator_2opt
multiOperatorsLocalSearch done
ok
47-binary tournament: 
ok
47-select elite: 
ok
48-crossover: 
ok
48-restoring operations: 
ok
48-multi operator local search: 
removeSaving
invertSolution
insertSavingCity
replaceSavingCity
replaceSavingCar
operator_2opt
multiOperatorsLocalSearch done
ok
48-binary tournament: 
ok
48-select elite: 
ok
49-crossover: 
ok
49-restoring operations: 
ok
49-multi operator local search: 
removeSaving
invertSolution
insertSavingCity
replaceSavingCity
replaceSavingCar
operator_2opt
multiOperatorsLocalSearch done
ok
49-binary tournament: 
ok
49-select elite: 
ok
50-plasmid: 
ok
50-restoring operations: 
ok
50-multi operator local search: 
removeSaving
invertSolution
insertSavingCity
replaceSavingCity
replaceSavingCar
operator_2opt
multiOperatorsLocalSearch done
ok
50-binary tournament: 
ok
50-select elite: 
ok
51-crossover: 
ok
51-restoring operations: 
ok
51-multi operator local search: 
removeSaving
invertSolution
insertSavingCity
replaceSavingCity
replaceSavingCar
operator_2opt
multiOperatorsLocalSearch done
ok
51-binary tournament: 
ok
51-select elite: 
ok
52-crossover: 
ok
52-restoring operations: 
ok
52-multi operator local search: 
removeSaving
invertSolution
insertSavingCity
replaceSavingCity
replaceSavingCar
operator_2opt
multiOperatorsLocalSearch done
ok
52-binary tournament: 
ok
52-select elite: 
ok
53-crossover: 
ok
53-restoring operations: 
ok
53-multi operator local search: 
removeSaving
invertSolution
insertSavingCity
replaceSavingCity
replaceSavingCar
operator_2opt
multiOperatorsLocalSearch done
ok
53-binary tournament: 
ok
53-select elite: 
ok
54-crossover: 
ok
54-restoring operations: 
ok
54-multi operator local search: 
removeSaving
invertSolution
insertSavingCity
replaceSavingCity
replaceSavingCar
operator_2opt
multiOperatorsLocalSearch done
ok
54-binary tournament: 
ok
54-select elite: 
ok
55-crossover: 
ok
55-restoring operations: 
ok
55-multi operator local search: 
removeSaving
invertSolution
insertSavingCity
replaceSavingCity
replaceSavingCar
operator_2opt
multiOperatorsLocalSearch done
ok
55-binary tournament: 
ok
55-select elite: 
ok
56-crossover: 
ok
56-restoring operations: 
ok
56-multi operator local search: 
removeSaving
invertSolution
insertSavingCity
replaceSavingCity
replaceSavingCar
operator_2opt
multiOperatorsLocalSearch done
ok
56-binary tournament: 
ok
56-select elite: 
ok
57-crossover: 
ok
57-restoring operations: 
ok
57-multi operator local search: 
removeSaving
invertSolution
insertSavingCity
replaceSavingCity
replaceSavingCar
operator_2opt
multiOperatorsLocalSearch done
ok
57-binary tournament: 
ok
57-select elite: 
ok
58-crossover: 
ok
58-restoring operations: 
ok
58-multi operator local search: 
removeSaving
invertSolution
insertSavingCity
replaceSavingCity
replaceSavingCar
operator_2opt
multiOperatorsLocalSearch done
ok
58-binary tournament: 
ok
58-select elite: 
ok
59-crossover: 
ok
59-restoring operations: 
ok
59-multi operator local search: 
removeSaving
invertSolution
insertSavingCity
replaceSavingCity
replaceSavingCar
operator_2opt
multiOperatorsLocalSearch done
ok
59-binary tournament: 
ok
59-select elite: 
ok
60-plasmid: 
ok
60-restoring operations: 
ok
60-multi operator local search: 
removeSaving
invertSolution
insertSavingCity
replaceSavingCity
replaceSavingCar
operator_2opt
multiOperatorsLocalSearch done
ok
60-binary tournament: 
ok
60-select elite: 
ok
61-crossover: 
ok
61-restoring operations: 
ok
61-multi operator local search: 
removeSaving
invertSolution
insertSavingCity
replaceSavingCity
replaceSavingCar
operator_2opt
multiOperatorsLocalSearch done
ok
61-binary tournament: 
ok
61-select elite: 
ok
62-crossover: 
ok
62-restoring operations: 
ok
62-multi operator local search: 
removeSaving
invertSolution
insertSavingCity
replaceSavingCity
replaceSavingCar
operator_2opt
multiOperatorsLocalSearch done
ok
62-binary tournament: 
ok
62-select elite: 
ok
63-crossover: 
ok
63-restoring operations: 
ok
63-multi operator local search: 
removeSaving
invertSolution
insertSavingCity
replaceSavingCity
replaceSavingCar
operator_2opt
multiOperatorsLocalSearch done
ok
63-binary tournament: 
ok
63-select elite: 
ok
64-crossover: 
ok
64-restoring operations: 
ok
64-multi operator local search: 
removeSaving
invertSolution
insertSavingCity
replaceSavingCity
replaceSavingCar
operator_2opt
multiOperatorsLocalSearch done
ok
64-binary tournament: 
ok
64-select elite: 
ok
65-crossover: 
ok
65-restoring operations: 
ok
65-multi operator local search: 
removeSaving
invertSolution
insertSavingCity
replaceSavingCity
replaceSavingCar
operator_2opt
multiOperatorsLocalSearch done
ok
65-binary tournament: 
ok
65-select elite: 
ok
66-crossover: 
ok
66-restoring operations: 
ok
66-multi operator local search: 
removeSaving
invertSolution
insertSavingCity
replaceSavingCity
replaceSavingCar
operator_2opt
multiOperatorsLocalSearch done
ok
66-binary tournament: 
ok
66-select elite: 
ok
67-crossover: 
ok
67-restoring operations: 
ok
67-multi operator local search: 
removeSaving
invertSolution
insertSavingCity
replaceSavingCity
replaceSavingCar
operator_2opt
multiOperatorsLocalSearch done
ok
67-binary tournament: 
ok
67-select elite: 
ok
68-crossover: 
ok
68-restoring operations: 
ok
68-multi operator local search: 
removeSaving
invertSolution
insertSavingCity
replaceSavingCity
replaceSavingCar
operator_2opt
multiOperatorsLocalSearch done
ok
68-binary tournament: 
ok
68-select elite: 
ok
69-crossover: 
ok
69-restoring operations: 
ok
69-multi operator local search: 
removeSaving
invertSolution
insertSavingCity
replaceSavingCity
replaceSavingCar
operator_2opt
multiOperatorsLocalSearch done
ok
69-binary tournament: 
ok
69-select elite: 
ok
70-plasmid: 
ok
70-restoring operations: 
ok
70-multi operator local search: 
removeSaving
invertSolution
insertSavingCity
replaceSavingCity
replaceSavingCar
operator_2opt
multiOperatorsLocalSearch done
ok
70-binary tournament: 
ok
70-select elite: 
ok
71-crossover: 
ok
71-restoring operations: 
ok
71-multi operator local search: 
removeSaving
invertSolution
insertSavingCity
replaceSavingCity
replaceSavingCar
operator_2opt
multiOperatorsLocalSearch done
ok
71-binary tournament: 
ok
71-select elite: 
ok
72-crossover: 
ok
72-restoring operations: 
ok
72-multi operator local search: 
removeSaving
invertSolution
insertSavingCity
replaceSavingCity
replaceSavingCar
operator_2opt
multiOperatorsLocalSearch done
ok
72-binary tournament: 
ok
72-select elite: 
ok
73-crossover: 
ok
73-restoring operations: 
ok
73-multi operator local search: 
removeSaving
invertSolution
insertSavingCity
replaceSavingCity
replaceSavingCar
operator_2opt
multiOperatorsLocalSearch done
ok
73-binary tournament: 
ok
73-select elite: 
ok
74-crossover: 
ok
74-restoring operations: 
ok
74-multi operator local search: 
removeSaving
invertSolution
insertSavingCity
replaceSavingCity
replaceSavingCar
operator_2opt
multiOperatorsLocalSearch done
ok
74-binary tournament: 
ok
74-select elite: 
ok
75-crossover: 
ok
75-restoring operations: 
ok
75-multi operator local search: 
removeSaving
invertSolution
insertSavingCity
replaceSavingCity
replaceSavingCar
operator_2opt
multiOperatorsLocalSearch done
ok
75-binary tournament: 
ok
75-select elite: 
ok
76-crossover: 
ok
76-restoring operations: 
ok
76-multi operator local search: 
removeSaving
invertSolution
insertSavingCity
replaceSavingCity
replaceSavingCar
operator_2opt
multiOperatorsLocalSearch done
ok
76-binary tournament: 
ok
76-select elite: 
ok
77-crossover: 
ok
77-restoring operations: 
ok
77-multi operator local search: 
removeSaving
invertSolution
insertSavingCity
replaceSavingCity
replaceSavingCar
operator_2opt
multiOperatorsLocalSearch done
ok
77-binary tournament: 
ok
77-select elite: 
ok
78-crossover: 
ok
78-restoring operations: 
ok
78-multi operator local search: 
removeSaving
invertSolution
insertSavingCity
replaceSavingCity
replaceSavingCar
operator_2opt
multiOperatorsLocalSearch done
ok
78-binary tournament: 
ok
78-select elite: 
ok
79-crossover: 
ok
79-restoring operations: 
ok
79-multi operator local search: 
removeSaving
invertSolution
insertSavingCity
replaceSavingCity
replaceSavingCar
operator_2opt
multiOperatorsLocalSearch done
ok
79-binary tournament: 
ok
79-select elite: 
ok
80-plasmid: 
ok
80-restoring operations: 
ok
80-multi operator local search: 
removeSaving
invertSolution
insertSavingCity
replaceSavingCity
replaceSavingCar
operator_2opt
multiOperatorsLocalSearch done
ok
80-binary tournament: 
ok
80-select elite: 
ok
81-crossover: 
ok
81-restoring operations: 
ok
81-multi operator local search: 
removeSaving
invertSolution
insertSavingCity
replaceSavingCity
replaceSavingCar
operator_2opt
multiOperatorsLocalSearch done
ok
81-binary tournament: 
ok
81-select elite: 
ok
82-crossover: 
ok
82-restoring operations: 
ok
82-multi operator local search: 
removeSaving
invertSolution
insertSavingCity
replaceSavingCity
replaceSavingCar
operator_2opt
multiOperatorsLocalSearch done
ok
82-binary tournament: 
ok
82-select elite: 
ok
83-crossover: 
ok
83-restoring operations: 
ok
83-multi operator local search: 
removeSaving
invertSolution
insertSavingCity
replaceSavingCity
replaceSavingCar
operator_2opt
multiOperatorsLocalSearch done
ok
83-binary tournament: 
ok
83-select elite: 
ok
84-crossover: 
ok
84-restoring operations: 
ok
84-multi operator local search: 
removeSaving
invertSolution
insertSavingCity
replaceSavingCity
replaceSavingCar
operator_2opt
multiOperatorsLocalSearch done
ok
84-binary tournament: 
ok
84-select elite: 
ok
85-crossover: 
ok
85-restoring operations: 
ok
85-multi operator local search: 
removeSaving
invertSolution
insertSavingCity
replaceSavingCity
replaceSavingCar
operator_2opt
multiOperatorsLocalSearch done
ok
85-binary tournament: 
ok
85-select elite: 
ok
86-crossover: 
ok
86-restoring operations: 
ok
86-multi operator local search: 
removeSaving
invertSolution
insertSavingCity
replaceSavingCity
replaceSavingCar
operator_2opt
multiOperatorsLocalSearch done
ok
86-binary tournament: 
ok
86-select elite: 
ok
87-crossover: 
ok
87-restoring operations: 
ok
87-multi operator local search: 
removeSaving
invertSolution
insertSavingCity
replaceSavingCity
replaceSavingCar
operator_2opt
multiOperatorsLocalSearch done
ok
87-binary tournament: 
ok
87-select elite: 
ok
88-crossover: 
ok
88-restoring operations: 
ok
88-multi operator local search: 
removeSaving
invertSolution
insertSavingCity
replaceSavingCity
replaceSavingCar
operator_2opt
multiOperatorsLocalSearch done
ok
88-binary tournament: 
ok
88-select elite: 
ok
89-crossover: 
ok
89-restoring operations: 
ok
89-multi operator local search: 
removeSaving
invertSolution
insertSavingCity
replaceSavingCity
replaceSavingCar
operator_2opt
multiOperatorsLocalSearch done
ok
89-binary tournament: 
ok
89-select elite: 
ok
90-plasmid: 
ok
90-restoring operations: 
ok
90-multi operator local search: 
removeSaving
invertSolution
insertSavingCity
replaceSavingCity
replaceSavingCar
operator_2opt
multiOperatorsLocalSearch done
ok
90-binary tournament: 
ok
90-select elite: 
ok
91-crossover: 
ok
91-restoring operations: 
ok
91-multi operator local search: 
removeSaving
invertSolution
insertSavingCity
replaceSavingCity
replaceSavingCar
operator_2opt
multiOperatorsLocalSearch done
ok
91-binary tournament: 
ok
91-select elite: 
ok
92-crossover: 
ok
92-restoring operations: 
ok
92-multi operator local search: 
removeSaving
invertSolution
insertSavingCity
replaceSavingCity
replaceSavingCar
operator_2opt
multiOperatorsLocalSearch done
ok
92-binary tournament: 
ok
92-select elite: 
ok
93-crossover: 
ok
93-restoring operations: 
ok
93-multi operator local search: 
removeSaving
invertSolution
insertSavingCity
replaceSavingCity
replaceSavingCar
operator_2opt
multiOperatorsLocalSearch done
ok
93-binary tournament: 
ok
93-select elite: 
ok
94-crossover: 
ok
94-restoring operations: 
ok
94-multi operator local search: 
removeSaving
invertSolution
insertSavingCity
replaceSavingCity
replaceSavingCar
operator_2opt
multiOperatorsLocalSearch done
ok
94-binary tournament: 
ok
94-select elite: 
ok
95-crossover: 
ok
95-restoring operations: 
ok
95-multi operator local search: 
removeSaving
invertSolution
insertSavingCity
replaceSavingCity
replaceSavingCar
operator_2opt
multiOperatorsLocalSearch done
ok
95-binary tournament: 
ok
95-select elite: 
ok
96-crossover: 
ok
96-restoring operations: 
ok
96-multi operator local search: 
removeSaving
invertSolution
insertSavingCity
replaceSavingCity
replaceSavingCar
operator_2opt
multiOperatorsLocalSearch done
ok
96-binary tournament: 
ok
96-select elite: 
ok
97-crossover: 
ok
97-restoring operations: 
ok
97-multi operator local search: 
removeSaving
invertSolution
insertSavingCity
replaceSavingCity
replaceSavingCar
operator_2opt
multiOperatorsLocalSearch done
ok
97-binary tournament: 
ok
97-select elite: 
ok
98-crossover: 
ok
98-restoring operations: 
ok
98-multi operator local search: 
removeSaving
invertSolution
insertSavingCity
replaceSavingCity
replaceSavingCar
operator_2opt
multiOperatorsLocalSearch done
ok
98-binary tournament: 
ok
98-select elite: 
ok
99-crossover: 
ok
99-restoring operations: 
ok
99-multi operator local search: 
removeSaving
invertSolution
insertSavingCity
replaceSavingCity
replaceSavingCar
operator_2opt
multiOperatorsLocalSearch done
ok
99-binary tournament: 
ok
99-select elite: 
ok
end of execution
