/home/tiago/Repositorios/Github/MemPlas-And-Path-Relinking/Instances/n/China17n.pcar:3
./Project
3
/home/tiago/Repositorios/Github/MemPlas-And-Path-Relinking/Instances/n/China17n.pcar
150
3
0.4
0.3
100
parameters:
ok:
My Seed: 3
instance read:
ok
generation of population: 
Better init: 3237
ok
multi operator local search: 
removeSaving
invertSolution
insertSavingCity
replaceSavingCity
replaceSavingCar
operator_2opt
multiOperatorsLocalSearch done
ok
select elite: 
ok
0-plasmid: 
ok
0-restoring operations: 
ok
0-multi operator local search: 
removeSaving
invertSolution
insertSavingCity
replaceSavingCity
replaceSavingCar
operator_2opt
multiOperatorsLocalSearch done
ok
0-binary tournament: 
ok
0-select elite: 
ok
1-crossover: 
ok
1-restoring operations: 
ok
1-multi operator local search: 
removeSaving
invertSolution
insertSavingCity
replaceSavingCity
replaceSavingCar
operator_2opt
multiOperatorsLocalSearch done
ok
1-binary tournament: 
ok
1-select elite: 
ok
2-crossover: 
ok
2-restoring operations: 
ok
2-multi operator local search: 
removeSaving
invertSolution
insertSavingCity
replaceSavingCity
replaceSavingCar
operator_2opt
multiOperatorsLocalSearch done
ok
2-binary tournament: 
ok
2-select elite: 
ok
3-crossover: 
ok
3-restoring operations: 
ok
3-multi operator local search: 
removeSaving
invertSolution
insertSavingCity
replaceSavingCity
replaceSavingCar
operator_2opt
multiOperatorsLocalSearch done
ok
3-binary tournament: 
ok
3-select elite: 
ok
4-crossover: 
ok
4-restoring operations: 
ok
4-multi operator local search: 
removeSaving
invertSolution
insertSavingCity
replaceSavingCity
replaceSavingCar
operator_2opt
multiOperatorsLocalSearch done
ok
4-binary tournament: 
ok
4-select elite: 
ok
5-crossover: 
ok
5-restoring operations: 
ok
5-multi operator local search: 
removeSaving
invertSolution
insertSavingCity
replaceSavingCity
replaceSavingCar
operator_2opt
multiOperatorsLocalSearch done
ok
5-binary tournament: 
ok
5-select elite: 
ok
6-crossover: 
ok
6-restoring operations: 
ok
6-multi operator local search: 
removeSaving
invertSolution
insertSavingCity
