/home/tiago/Repositorios/Github/MemPlas-And-Path-Relinking/Instances/n/China17n.pcar:7
./Project
7
/home/tiago/Repositorios/Github/MemPlas-And-Path-Relinking/Instances/n/China17n.pcar
150
3
0.4
0.3
100
parameters:
ok:
My Seed: 7
instance read:
ok
generation of population: 
Better init: 3347
ok
multi operator local search: 
removeSaving
invertSolution
insertSavingCity
replaceSavingCity
replaceSavingCar
operator_2opt
multiOperatorsLocalSearch done
ok
select elite: 
ok
0-plasmid: 
ok
0-restoring operations: 
ok
0-multi operator local search: 
removeSaving
invertSolution
insertSavingCity
replaceSavingCity
replaceSavingCar
operator_2opt
multiOperatorsLocalSearch done
ok
0-binary tournament: 
ok
0-select elite: 
ok
1-crossover: 
ok
1-restoring operations: 
ok
1-multi operator local search: 
removeSaving
invertSolution
insertSavingCity
replaceSavingCity
replaceSavingCar
operator_2opt
multiOperatorsLocalSearch done
ok
1-binary tournament: 
ok
1-select elite: 
ok
2-crossover: 
ok
2-restoring operations: 
ok
2-multi operator local search: 
removeSaving
invertSolution
insertSavingCity
replaceSavingCity
replaceSavingCar
operator_2opt
multiOperatorsLocalSearch done
ok
2-binary tournament: 
ok
2-select elite: 
ok
3-crossover: 
ok
3-restoring operations: 
ok
3-multi operator local search: 
removeSaving
invertSolution
insertSavingCity
replaceSavingCity
replaceSavingCar
operator_2opt
multiOperatorsLocalSearch done
ok
3-binary tournament: 
ok
3-select elite: 
ok
4-crossover: 
ok
4-restoring operations: 
ok
4-multi operator local search: 
removeSaving
invertSolution
insertSavingCity
replaceSavingCity
replaceSavingCar
operator_2opt
multiOperatorsLocalSearch done
ok
4-binary tournament: 
ok
4-select elite: 
ok
5-crossover: 
ok
5-restoring operations: 
ok
5-multi operator local search: 
removeSaving
invertSolution
insertSavingCity
replaceSavingCity
replaceSavingCar
operator_2opt
multiOperatorsLocalSearch done
ok
5-binary tournament: 
ok
5-select elite: 
ok
6-crossover: 
ok
6-restoring operations: 
ok
6-multi operator local search: 
removeSaving
invertSolution
insertSavingCity
replaceSavingCity
replaceSavingCar
operator_2opt
multiOperatorsLocalSearch done
ok
6-binary tournament: 
ok
6-select elite: 
ok
7-crossover: 
ok
7-restoring operations: 
ok
7-multi operator local search: 
removeSaving
invertSolution
insertSavingCity
replaceSavingCity
replaceSavingCar
operator_2opt
multiOperatorsLocalSearch done
ok
7-binary tournament: 
ok
7-select elite: 
ok
8-crossover: 
ok
8-restoring operations: 
ok
8-multi operator local search: 
removeSaving
invertSolution
insertSavingCity
replaceSavingCity
replaceSavingCar
operator_2opt
multiOperatorsLocalSearch done
ok
8-binary tournament: 
ok
8-select elite: 
ok
9-crossover: 
ok
9-restoring operations: 
ok
9-multi operator local search: 
removeSaving
invertSolution
insertSavingCity
replaceSavingCity
replaceSavingCar
operator_2opt
multiOperatorsLocalSearch done
ok
9-binary tournament: 
ok
9-select elite: 
ok
10-plasmid: 
ok
10-restoring operations: 
ok
10-multi operator local search: 
removeSaving
invertSolution
insertSavingCity
replaceSavingCity
replaceSavingCar
operator_2opt
multiOperatorsLocalSearch done
ok
10-binary tournament: 
ok
10-select elite: 
ok
11-crossover: 
ok
11-restoring operations: 
ok
11-multi operator local search: 
removeSaving
invertSolution
insertSavingCity
replaceSavingCity
replaceSavingCar
operator_2opt
multiOperatorsLocalSearch done
ok
11-binary tournament: 
ok
11-select elite: 
ok
12-crossover: 
ok
12-restoring operations: 
ok
12-multi operator local search: 
removeSaving
invertSolution
insertSavingCity
replaceSavingCity
replaceSavingCar
operator_2opt
multiOperatorsLocalSearch done
ok
12-binary tournament: 
ok
12-select elite: 
ok
13-crossover: 
ok
13-restoring operations: 
ok
13-multi operator local search: 
removeSaving
invertSolution
insertSavingCity
replaceSavingCity
replaceSavingCar
operator_2opt
multiOperatorsLocalSearch done
ok
13-binary tournament: 
ok
13-select elite: 
ok
14-crossover: 
ok
14-restoring operations: 
ok
14-multi operator local search: 
removeSaving
invertSolution
insertSavingCity
replaceSavingCity
replaceSavingCar
operator_2opt
multiOperatorsLocalSearch done
ok
14-binary tournament: 
ok
14-select elite: 
ok
15-crossover: 
ok
15-restoring operations: 
ok
15-multi operator local search: 
removeSaving
invertSolution
insertSavingCity
replaceSavingCity
replaceSavingCar
operator_2opt
multiOperatorsLocalSearch done
ok
15-binary tournament: 
ok
15-select elite: 
ok
16-crossover: 
ok
16-restoring operations: 
ok
16-multi operator local search: 
removeSaving
invertSolution
insertSavingCity
replaceSavingCity
replaceSavingCar
operator_2opt
multiOperatorsLocalSearch done
ok
16-binary tournament: 
ok
16-select elite: 
ok
17-crossover: 
ok
17-restoring operations: 
ok
17-multi operator local search: 
removeSaving
invertSolution
insertSavingCity
replaceSavingCity
replaceSavingCar
operator_2opt
multiOperatorsLocalSearch done
ok
17-binary tournament: 
ok
17-select elite: 
ok
18-crossover: 
ok
18-restoring operations: 
ok
18-multi operator local search: 
removeSaving
invertSolution
insertSavingCity
replaceSavingCity
replaceSavingCar
operator_2opt
multiOperatorsLocalSearch done
ok
18-binary tournament: 
ok
18-select elite: 
ok
19-crossover: 
ok
19-restoring operations: 
ok
19-multi operator local search: 
removeSaving
invertSolution
insertSavingCity
replaceSavingCity
replaceSavingCar
operator_2opt
multiOperatorsLocalSearch done
ok
19-binary tournament: 
ok
19-select elite: 
ok
20-plasmid: 
ok
20-restoring operations: 
ok
20-multi operator local search: 
removeSaving
invertSolution
insertSavingCity
replaceSavingCity
replaceSavingCar
operator_2opt
multiOperatorsLocalSearch done
ok
20-binary tournament: 
ok
20-select elite: 
ok
21-crossover: 
ok
21-restoring operations: 
ok
21-multi operator local search: 
removeSaving
invertSolution
insertSavingCity
replaceSavingCity
replaceSavingCar
operator_2opt
multiOperatorsLocalSearch done
ok
21-binary tournament: 
ok
21-select elite: 
ok
22-crossover: 
ok
22-restoring operations: 
ok
22-multi operator local search: 
removeSaving
invertSolution
insertSavingCity
replaceSavingCity
replaceSavingCar
operator_2opt
multiOperatorsLocalSearch done
ok
22-binary tournament: 
ok
22-select elite: 
ok
23-crossover: 
ok
23-restoring operations: 
ok
23-multi operator local search: 
removeSaving
invertSolution
insertSavingCity
replaceSavingCity
replaceSavingCar
operator_2opt
multiOperatorsLocalSearch done
ok
23-binary tournament: 
ok
23-select elite: 
ok
24-crossover: 
ok
24-restoring operations: 
ok
24-multi operator local search: 
removeSaving
invertSolution
insertSavingCity
replaceSavingCity
replaceSavingCar
operator_2opt
multiOperatorsLocalSearch done
ok
24-binary tournament: 
ok
24-select elite: 
ok
25-crossover: 
ok
25-restoring operations: 
ok
25-multi operator local search: 
removeSaving
invertSolution
insertSavingCity
replaceSavingCity
replaceSavingCar
operator_2opt
multiOperatorsLocalSearch done
ok
25-binary tournament: 
ok
25-select elite: 
ok
26-crossover: 
ok
26-restoring operations: 
ok
26-multi operator local search: 
removeSaving
invertSolution
insertSavingCity
replaceSavingCity
replaceSavingCar
operator_2opt
multiOperatorsLocalSearch done
ok
26-binary tournament: 
ok
26-select elite: 
ok
27-crossover: 
ok
27-restoring operations: 
ok
27-multi operator local search: 
removeSaving
invertSolution
insertSavingCity
