/home/tiago/Repositorios/Github/MemPlas-And-Path-Relinking/Instances/n/China17n.pcar:10
./Project
10
/home/tiago/Repositorios/Github/MemPlas-And-Path-Relinking/Instances/n/China17n.pcar
150
3
0.4
0.3
100
parameters:
ok:
My Seed: 10
instance read:
ok
generation of population: 
Better init: 3324
ok
multi operator local search: 
removeSaving
invertSolution
insertSavingCity
replaceSavingCity
replaceSavingCar
operator_2opt
multiOperatorsLocalSearch done
ok
select elite: 
ok
0-plasmid: 
ok
0-restoring operations: 
ok
0-multi operator local search: 
removeSaving
invertSolution
insertSavingCity
