/home/tiago/Repositorios/Github/MemPlas-And-Path-Relinking/Instances/n/China17n.pcar:8
./Project
8
/home/tiago/Repositorios/Github/MemPlas-And-Path-Relinking/Instances/n/China17n.pcar
150
3
0.4
0.3
100
parameters:
ok:
My Seed: 8
instance read:
ok
generation of population: 
Better init: 3324
ok
multi operator local search: 
removeSaving
invertSolution
insertSavingCity
replaceSavingCity
replaceSavingCar
operator_2opt
multiOperatorsLocalSearch done
ok
select elite: 
ok
0-plasmid: 
ok
0-restoring operations: 
ok
0-multi operator local search: 
removeSaving
invertSolution
insertSavingCity
replaceSavingCity
replaceSavingCar
operator_2opt
multiOperatorsLocalSearch done
ok
0-binary tournament: 
ok
0-select elite: 
ok
1-crossover: 
ok
1-restoring operations: 
ok
1-multi operator local search: 
removeSaving
invertSolution
insertSavingCity
replaceSavingCity
replaceSavingCar
operator_2opt
multiOperatorsLocalSearch done
ok
1-binary tournament: 
ok
1-select elite: 
ok
2-crossover: 
ok
2-restoring operations: 
ok
2-multi operator local search: 
removeSaving
invertSolution
insertSavingCity
replaceSavingCity
replaceSavingCar
operator_2opt
multiOperatorsLocalSearch done
ok
2-binary tournament: 
ok
2-select elite: 
ok
3-crossover: 
ok
3-restoring operations: 
ok
3-multi operator local search: 
removeSaving
invertSolution
insertSavingCity
