AfricaSul11e.pcar
>0	5	8	7	6	1	10	4	0	-1	-1	-1	
*1	1	1	1	1	1	1	1	0	-1	-1	-1	
402
Angola12e.pcar
>0	7	10	6	1	3	5	0	-1	-1	-1	-1	-1	
*0	0	0	0	1	1	1	1	-1	-1	-1	-1	-1	
491
Arabia14e.pcar
>0	10	9	2	5	8	11	0	-1	-1	-1	-1	-1	-1	-1	
*4	4	4	0	1	1	2	2	-1	-1	-1	-1	-1	-1	-1	
457
Argelia15e.pcar
>0	3	6	7	10	2	5	12	4	0	-1	-1	-1	-1	-1	-1	
*1	1	2	2	0	0	0	0	0	0	-1	-1	-1	-1	-1	-1	
477
Argentina16e.pcar
>0	12	14	8	5	15	7	11	13	1	0	-1	-1	-1	-1	-1	-1	
*0	0	0	0	0	1	1	1	1	1	1	-1	-1	-1	-1	-1	-1	
711
Australia16e.pcar
>0	12	11	7	9	8	5	10	14	15	13	4	0	-1	-1	-1	-1	
*0	0	0	0	0	0	3	3	3	2	2	2	2	-1	-1	-1	-1	
775
Bolivia10e.pcar
>0	6	1	3	9	8	5	0	-1	-1	-1	
*0	0	0	0	1	1	2	2	-1	-1	-1	
364
Brasil16e.pcar
>0	12	11	9	5	15	10	3	2	0	-1	-1	-1	-1	-1	-1	-1	
*4	3	3	3	3	3	2	2	2	2	-1	-1	-1	-1	-1	-1	-1	
581
BrasilAM26e.pcar
>0	25	2	21	20	19	24	13	14	17	15	18	12	23	5	4	3	0	-1	-1	-1	-1	-1	-1	-1	-1	-1	
*2	2	2	2	2	2	2	2	2	2	2	2	2	2	2	1	1	1	-1	-1	-1	-1	-1	-1	-1	-1	-1	
366
BrasilMG30e.pcar
>0	1	4	3	5	7	6	8	28	12	10	13	27	26	19	29	23	22	25	0	-1	-1	-1	-1	-1	-1	-1	-1	-1	-1	-1	
*3	3	3	3	3	1	1	1	1	1	2	2	2	2	2	2	2	2	2	2	-1	-1	-1	-1	-1	-1	-1	-1	-1	-1	-1	
336
BrasilPR25e.pcar
>0	20	18	16	17	21	12	11	10	23	4	5	2	1	0	-1	-1	-1	-1	-1	-1	-1	-1	-1	-1	-1	
*2	2	2	2	2	2	2	1	1	1	1	1	1	1	0	-1	-1	-1	-1	-1	-1	-1	-1	-1	-1	-1	
320
BrasilRJ14e.pcar
>0	4	6	5	8	9	10	13	12	1	0	-1	-1	-1	-1	
*0	0	0	0	0	1	1	1	1	1	1	-1	-1	-1	-1	
219
BrasilRN16e.pcar
>0	5	6	7	8	10	11	12	15	14	2	1	0	-1	-1	-1	-1	
*1	1	1	1	1	1	1	0	0	0	0	0	0	-1	-1	-1	-1	
269
Canada17e.pcar
>0	13	7	1	16	14	6	12	8	10	2	0	-1	-1	-1	-1	-1	-1	
*1	1	2	2	2	2	3	3	3	3	0	0	-1	-1	-1	-1	-1	-1	
801
Cazaquistao15e.pcar
>0	11	4	10	12	2	5	14	3	0	-1	-1	-1	-1	-1	-1	
*3	2	2	2	1	4	4	4	4	4	-1	-1	-1	-1	-1	-1	
624
Chade12e.pcar
>0	5	7	8	10	11	4	6	3	0	-1	-1	-1	
*1	1	1	0	0	3	3	3	3	3	-1	-1	-1	
621
China17e.pcar
>0	8	12	15	14	4	11	2	10	9	3	1	0	-1	-1	-1	-1	-1	
*1	1	1	1	1	1	1	1	1	2	2	2	2	-1	-1	-1	-1	-1	
724
Colombia11e.pcar
>0	10	4	8	5	9	0	-1	-1	-1	-1	-1	
*1	1	1	1	1	1	0	-1	-1	-1	-1	-1	
326
Congo15e.pcar
>0	6	13	10	14	3	2	5	8	4	0	-1	-1	-1	-1	-1	
*1	1	1	1	0	0	0	0	0	0	0	-1	-1	-1	-1	-1	
548
EUA17e.pcar
>0	7	13	9	11	4	14	15	1	12	16	8	0	-1	-1	-1	-1	-1	
*1	1	1	1	1	1	1	0	0	0	0	0	0	-1	-1	-1	-1	-1	
619
Etiopia10e.pcar
>0	6	8	9	7	5	0	-1	-1	-1	-1	
*2	2	2	2	2	2	2	-1	-1	-1	-1	
283
India16e.pcar
>0	1	7	11	3	5	9	10	6	14	0	-1	-1	-1	-1	-1	-1	
*2	2	2	2	2	0	0	0	0	0	0	-1	-1	-1	-1	-1	-1	
759
Indonesia14e.pcar
>0	10	3	5	7	2	6	9	13	1	0	-1	-1	-1	-1	
*1	0	0	0	2	2	2	2	2	2	2	-1	-1	-1	-1	
494
Ira13e.pcar
>0	1	9	11	5	10	4	2	3	12	0	-1	-1	-1	
*2	2	1	1	1	1	1	1	0	0	0	-1	-1	-1	
524
Libia14e.pcar
>0	1	13	6	3	2	5	8	11	10	0	-1	-1	-1	-1	
*0	0	0	0	0	0	0	0	1	1	1	-1	-1	-1	-1	
544
Mali11e.pcar
>0	5	8	6	7	1	4	3	0	-1	-1	-1	
*1	1	1	1	1	1	1	1	0	-1	-1	-1	
440
Mauritania10e.pcar
>0	5	4	1	9	7	8	6	0	-1	-1	
*0	0	0	1	1	1	1	1	1	-1	-1	
407
Mexico14e.pcar
>0	3	2	8	6	9	13	1	0	-1	-1	-1	-1	-1	-1	
*2	2	2	1	1	1	3	3	3	-1	-1	-1	-1	-1	-1	
465
Mongolia13e.pcar
>0	12	6	4	2	5	11	9	0	-1	-1	-1	-1	-1	
*1	1	2	2	2	2	2	2	0	-1	-1	-1	-1	-1	
495
Niger12e.pcar
>0	8	4	10	11	9	6	7	2	0	-1	-1	-1	
*2	0	0	0	1	1	1	1	1	1	-1	-1	-1	
534
Peru13e.pcar
>0	1	9	5	7	10	3	6	4	2	0	-1	-1	-1	
*1	1	1	1	1	1	1	0	0	0	0	-1	-1	-1	
538
Russia17e.pcar
>0	7	13	3	12	14	5	11	6	1	0	-1	-1	-1	-1	-1	-1	-1	
*2	2	2	2	2	2	4	1	1	1	1	-1	-1	-1	-1	-1	-1	-1	
780
Sudao15e.pcar
>0	3	6	12	10	4	11	0	-1	-1	-1	-1	-1	-1	-1	-1	
*2	2	2	0	0	0	1	1	-1	-1	-1	-1	-1	-1	-1	-1	
386
att48Ae.pcar
>0	31	38	47	4	33	40	2	39	19	20	12	13	10	11	14	32	45	29	16	18	5	35	27	6	17	43	30	37	8	0	-1	-1	-1	-1	-1	-1	-1	-1	-1	-1	-1	-1	-1	-1	-1	-1	-1	-1	
*0	0	0	0	0	0	0	0	0	0	0	0	0	2	2	2	2	2	2	2	2	1	1	1	1	1	1	1	1	1	1	-1	-1	-1	-1	-1	-1	-1	-1	-1	-1	-1	-1	-1	-1	-1	-1	-1	-1	
25881
AfricaSul11n.pcar
>0	9	1	3	4	10	8	0	-1	-1	-1	-1	
*2	2	0	0	0	1	1	1	-1	-1	-1	-1	
537
Angola12n.pcar
>0	3	2	11	8	7	4	5	0	-1	-1	-1	-1	
*1	1	1	1	1	1	1	1	1	-1	-1	-1	-1	
409
Arabia14n.pcar
>0	5	6	11	8	13	2	9	10	4	0	-1	-1	-1	-1	
*1	1	1	1	1	4	4	4	4	4	4	-1	-1	-1	-1	
712
Argelia15n.pcar
>0	6	9	8	11	3	12	13	5	2	10	0	-1	-1	-1	-1	
*1	1	1	1	1	0	0	0	0	0	0	0	-1	-1	-1	-1	
622
Argentina16n.pcar
>0	7	11	4	8	10	9	12	14	15	0	-1	-1	-1	-1	-1	-1	
*1	1	1	0	0	0	0	0	0	0	0	-1	-1	-1	-1	-1	-1	
644
Australia16n.pcar
>0	14	12	15	7	9	11	5	8	10	0	-1	-1	-1	-1	-1	-1	
*3	3	3	3	0	0	0	0	0	0	0	-1	-1	-1	-1	-1	-1	
552
Bolivia10n.pcar
>0	7	6	2	9	3	0	-1	-1	-1	-1	
*2	2	2	0	0	0	0	-1	-1	-1	-1	
448
Brasil16n.pcar
>0	2	8	6	3	15	7	9	11	10	0	-1	-1	-1	-1	-1	-1	
*2	2	2	2	3	3	3	3	3	3	3	-1	-1	-1	-1	-1	-1	
752
BrasilAM26n.pcar
>0	18	20	1	13	2	25	19	9	6	7	3	16	22	5	11	0	-1	-1	-1	-1	-1	-1	-1	-1	-1	-1	
*2	2	2	2	2	2	2	2	1	1	1	1	1	1	1	1	1	-1	-1	-1	-1	-1	-1	-1	-1	-1	-1	
120
BrasilMG30n.pcar
>0	28	5	13	8	11	6	14	7	26	29	23	1	18	20	15	16	21	0	-1	-1	-1	-1	-1	-1	-1	-1	-1	-1	-1	-1	
*1	1	1	1	1	1	1	1	2	2	2	2	2	0	0	0	0	0	0	-1	-1	-1	-1	-1	-1	-1	-1	-1	-1	-1	-1	
171
BrasilRJ14n.pcar
>0	9	13	7	8	6	2	11	1	12	0	-1	-1	-1	-1	
*0	0	0	0	0	0	1	1	1	1	1	-1	-1	-1	-1	
107
Canada17n.pcar
>0	2	15	4	1	6	5	3	16	7	13	9	0	-1	-1	-1	-1	-1	
*0	0	0	0	0	2	2	2	2	1	1	1	1	-1	-1	-1	-1	-1	
840
Cazaquistao15n.pcar
>0	7	4	13	10	8	1	3	5	14	0	-1	-1	-1	-1	-1	
*3	3	3	3	3	0	0	4	4	4	4	-1	-1	-1	-1	-1	
853
Chade12n.pcar
>0	5	2	9	1	8	7	4	6	0	-1	-1	-1	
*1	1	1	1	1	1	2	2	2	2	-1	-1	-1	
708
China17n.pcar
>0	3	2	11	13	7	9	10	12	15	0	-1	-1	-1	-1	-1	-1	-1	
*2	2	0	0	0	0	1	1	1	1	1	-1	-1	-1	-1	-1	-1	-1	
654
Colombia11n.pcar
>0	7	5	3	6	10	1	0	-1	-1	-1	-1	
*0	0	0	0	1	1	1	1	-1	-1	-1	-1	
466
Congo15n.pcar
>0	8	3	9	14	13	7	10	12	0	-1	-1	-1	-1	-1	-1	
*0	0	0	0	1	1	1	1	1	1	-1	-1	-1	-1	-1	-1	
587
EUA17n.pcar
>0	6	2	11	12	10	7	14	9	15	13	0	-1	-1	-1	-1	-1	-1	
*0	0	0	0	0	1	1	1	1	1	1	1	-1	-1	-1	-1	-1	-1	
582
Egito9n.pcar
>0	4	7	8	1	3	6	0	-1	-1	
*2	2	3	3	3	0	0	0	-1	-1	
520
Etiopia10n.pcar
>0	3	7	5	9	1	6	0	-1	-1	-1	
*2	2	2	2	2	2	2	1	-1	-1	-1	
403
India16n.pcar
>0	10	14	9	8	15	4	1	3	7	0	-1	-1	-1	-1	-1	-1	
*0	0	0	0	1	1	1	2	2	2	2	-1	-1	-1	-1	-1	-1	
740
Indonesia14n.pcar
>0	10	11	13	1	7	6	9	12	0	-1	-1	-1	-1	-1	
*1	1	1	2	2	2	2	2	2	2	-1	-1	-1	-1	-1	
565
Ira13n.pcar
>0	8	12	3	2	10	4	9	0	-1	-1	-1	-1	-1	
*0	0	0	1	1	1	1	2	2	-1	-1	-1	-1	-1	
694
Libia14n.pcar
>0	10	5	4	3	9	6	7	1	0	-1	-1	-1	-1	-1	
*1	1	1	0	0	0	0	0	0	0	-1	-1	-1	-1	-1	
520
Mali11n.pcar
>0	2	7	5	8	10	3	4	6	0	-1	-1	
*1	1	1	1	1	1	1	1	1	1	-1	-1	
495
Mauritania10n.pcar
>0	4	3	5	1	6	2	0	-1	-1	-1	
*0	0	0	0	0	0	0	0	-1	-1	-1	
306
Mexico14n.pcar
>0	13	9	4	5	12	11	10	0	-1	-1	-1	-1	-1	-1	
*1	1	1	1	2	2	2	2	2	-1	-1	-1	-1	-1	-1	
618
Mongolia13n.pcar
>0	12	1	7	10	9	11	5	6	4	0	-1	-1	-1	
*1	1	1	2	2	2	2	2	2	2	2	-1	-1	-1	
551
Niger12n.pcar
>0	5	11	9	2	7	6	1	8	3	0	-1	-1	
*1	1	1	1	1	2	2	2	2	2	2	-1	-1	
685
Peru13n.pcar
>0	2	4	1	5	8	3	10	0	-1	-1	-1	-1	-1	
*0	0	0	1	1	1	1	1	1	-1	-1	-1	-1	-1	
506
Russia17n.pcar
>0	12	7	9	10	15	1	2	6	13	0	-1	-1	-1	-1	-1	-1	-1	
*4	4	4	4	4	1	1	1	1	1	1	-1	-1	-1	-1	-1	-1	-1	
810
Sudao15n.pcar
>0	5	7	12	14	9	1	2	8	13	0	-1	-1	-1	-1	-1	
*2	2	2	2	2	3	3	3	1	1	1	-1	-1	-1	-1	-1	
787
att48An.pcar
>0	18	6	26	23	29	1	38	21	19	15	39	16	30	5	45	14	8	9	43	20	4	44	13	40	12	42	17	11	35	7	36	27	33	37	10	25	0	-1	-1	-1	-1	-1	-1	-1	-1	-1	-1	-1	
*2	2	2	2	2	2	2	2	2	2	2	2	2	2	2	2	0	0	0	0	0	0	0	0	0	0	0	0	1	1	1	1	1	1	1	1	1	1	-1	-1	-1	-1	-1	-1	-1	-1	-1	-1	-1	
763
